0.1 -2.82794 10 7.09706 111.187
0.2 -2.75512 5 2.16988 44.1492
0.3 -2.66311 3.33333 0.595224 22.7247
0.4 -2.56452 2.5 -0.139519 12.728
0.5 -2.4657 2 -0.540705 7.26952
0.6 -2.37 1.66667 -0.778333 4.03639
0.7 -2.27902 1.42857 -0.925447 2.03479
0.8 -2.19339 1.25 -1.01839 0.770206
0.9 -2.11323 1.11111 -1.07712 -0.0288142
1 -2.03839 1 -1.11339 -0.522377
1.1 -1.96863 0.909091 -1.13454 -0.810027
1.2 -1.9036 0.833333 -1.14526 -0.95601
1.3 -1.84295 0.769231 -1.14872 -1.003
1.4 -1.78632 0.714286 -1.14703 -0.980094
1.5 -1.73338 0.666667 -1.14171 -0.907689
1.6 -1.68383 0.625 -1.13383 -0.800391
1.7 -1.63739 0.588235 -1.12416 -0.668808
1.8 -1.59382 0.555556 -1.11327 -0.520674
1.9 -1.55289 0.526316 -1.10158 -0.361623
2 -1.51439 0.5 -1.08939 -0.195755
2.1 -1.47811 0.47619 -1.07692 -0.0260697
2.2 -1.44387 0.454545 -1.06433 0.145214
2.3 -1.41153 0.434783 -1.05174 0.316434
2.4 -1.38092 0.416667 -1.03926 0.486333
2.5 -1.35194 0.4 -1.02694 0.653956
2.6 -1.32445 0.384615 -1.01484 0.818587
2.7 -1.29836 0.37037 -1.00299 0.979708
2.8 -1.27358 0.357143 -0.991435 1.13697
2.9 -1.25 0.344828 -0.980175 1.29017
3 -1.22755 0.333333 -0.96922 1.43922
3.1 -1.20615 0.322581 -0.958568 1.58415
3.2 -1.18571 0.3125 -0.948211 1.72507
3.3 -1.16617 0.30303 -0.938137 1.86213
3.4 -1.14745 0.294118 -0.928331 1.99556
3.5 -1.12949 0.285714 -0.918776 2.12556
3.6 -1.11223 0.277778 -0.909455 2.25237
3.7 -1.09562 0.27027 -0.900352 2.37623
3.8 -1.07961 0.263158 -0.89145 2.49734
3.9 -1.06415 0.25641 -0.882736 2.61591
4 -1.0492 0.25 -0.874195 2.73211
4.1 -1.03472 0.243902 -0.865817 2.8461
4.2 -1.02069 0.238095 -0.857592 2.95801
4.3 -1.00707 0.232558 -0.84951 3.06797
4.4 -0.99384 0.227273 -0.841567 3.17605
4.5 -0.980977 0.222222 -0.833755 3.28233
4.6 -0.968463 0.217391 -0.826072 3.38687
4.7 -0.956279 0.212766 -0.818513 3.48971
4.8 -0.94441 0.208333 -0.811077 3.59088
4.9 -0.932844 0.204082 -0.803763 3.6904
5 -0.921569 0.2 -0.796569 3.78828
5.1 -0.910574 0.196078 -0.789496 3.88451
5.2 -0.899851 0.192308 -0.782543 3.97911
5.3 -0.88939 0.188679 -0.775711 4.07207
5.4 -0.879184 0.185185 -0.768999 4.16339
5.5 -0.869226 0.181818 -0.762407 4.25307
5.6 -0.859508 0.178571 -0.755936 4.34112
5.7 -0.850023 0.175439 -0.749584 4.42754
5.8 -0.840765 0.172414 -0.743351 4.51235
5.9 -0.831726 0.169492 -0.737234 4.59557
6 -0.8229 0.166667 -0.731233 4.67722
6.1 -0.814279 0.163934 -0.725345 4.75734
6.2 -0.805858 0.16129 -0.719568 4.83594
6.3 -0.797628 0.15873 -0.713898 4.91308
6.4 -0.789584 0.15625 -0.708334 4.98879
6.5 -0.781717 0.153846 -0.702871 5.06311
6.6 -0.774022 0.151515 -0.697507 5.13609
6.7 -0.766492 0.149254 -0.692238 5.20779
6.8 -0.759119 0.147059 -0.68706 5.27823
6.9 -0.751897 0.144928 -0.68197 5.34749
7 -0.744821 0.142857 -0.676964 5.4156
7.1 -0.737883 0.140845 -0.672038 5.48262
7.2 -0.731078 0.138889 -0.667189 5.5486
7.3 -0.724399 0.136986 -0.662413 5.61358
7.4 -0.717842 0.135135 -0.657707 5.67761
7.5 -0.7114 0.133333 -0.653067 5.74074
7.6 -0.705068 0.131579 -0.64849 5.80302
7.7 -0.698842 0.12987 -0.643972 5.86448
7.8 -0.692717 0.128205 -0.639512 5.92516
7.9 -0.686688 0.126582 -0.635106 5.98511
8 -0.680751 0.125 -0.630751 6.04436
8.1 -0.674902 0.123457 -0.626445 6.10294
8.2 -0.669138 0.121951 -0.622186 6.16089
8.3 -0.663454 0.120482 -0.617972 6.21823
8.4 -0.657848 0.119048 -0.6138 6.27499
8.5 -0.652317 0.117647 -0.60967 6.33119
8.6 -0.646857 0.116279 -0.605578 6.38686
8.7 -0.641467 0.114943 -0.601525 6.44201
8.8 -0.636145 0.113636 -0.597508 6.49666
8.9 -0.630887 0.11236 -0.593528 6.55082
9 -0.625693 0.111111 -0.589581 6.60451
9.1 -0.620559 0.10989 -0.585669 6.65774
9.2 -0.615486 0.108696 -0.58179 6.71051
9.3 -0.610471 0.107527 -0.577944 6.76285
9.4 -0.605513 0.106383 -0.57413 6.81474
9.5 -0.60061 0.105263 -0.570347 6.86621
9.6 -0.595762 0.104167 -0.566595 6.91725
9.7 -0.590968 0.103093 -0.562875 6.96787
9.8 -0.586226 0.102041 -0.559185 7.01807
9.9 -0.581536 0.10101 -0.555526 7.06786
10 -0.576897 0.1 -0.551897 7.11724
